3.7129 	WARNING 	Speech-to-text recognition module for PocketSphinx is not available (use command `pip install SpeechRecognition` to get it). Transcription will be unavailable using that service this session.
3.7153 	WARNING 	Speech-to-text recognition using Google online services is not available (use command `pip install google-api-core google-auth google-cloud google-cloud-speech googleapis-common-protos` to get it). Transcription will be unavailable using that service this session.
3.7220 	ERROR 	Support for the `sounddevice` audio backend is not available this session. Please install `psychopy-sounddevice` and restart the session to enable support.
17.3841 	EXP 	Created window1 = Window(allowGUI=True, allowStencil=True, autoLog=True, backendConf=UNKNOWN, backgroundFit=<method-wrapper '__getattribute__' of attributeSetter object at 0x000002C70A28C490>, backgroundImage=<method-wrapper '__getattribute__' of attributeSetter object at 0x000002C70A28C4F0>, bitsMode=UNKNOWN, blendMode='avg', bpc=(8, 8, 8), color=array([0, 0, 0]), colorSpace='rgb', depthBits=8, fullscr=<method-wrapper '__getattribute__' of attributeSetter object at 0x000002C70A28C6A0>, gamma=None, gammaErrorPolicy='raise', lms=UNKNOWN, monitor=<psychopy.monitors.calibTools.Monitor object at 0x000002C70C2BAF80>, multiSample=False, name='window1', numSamples=2, pos=(0, 0), screen=0, size=array([1920, 1080]), stencilBits=8, stereo=False, units='height', useFBO=True, useRetina=False, viewOri=0.0, viewPos=None, viewScale=None, waitBlanking=True, winType='pyglet')
17.3842 	EXP 	window1: mouseVisible = True
17.3843 	EXP 	window1: backgroundImage = None
17.3843 	EXP 	window1: backgroundFit = 'cover'
17.3845 	EXP 	window1: mouseVisible = False
17.3845 	EXP 	window1: Attempting to measure frame rate of screen (0) ...
17.3846 	EXP 	window1: recordFrameIntervals = False
17.4526 	EXP 	window1: recordFrameIntervals = True
17.5292 	EXP 	Screen (0) actual frame rate measured at 144.31Hz
17.5293 	EXP 	window1: recordFrameIntervals = False
21.2940 	EXP 	Created text = TextStim(__class__=<class 'psychopy.visual.text.TextStim'>, alignHoriz=method-wrapper(...), alignText='center', alignVert=method-wrapper(...), anchorHoriz='center', anchorVert='center', antialias=True, autoDraw=False, autoLog=True, bold=False, color=array([1., 1., 1.]), colorSpace='rgb', contrast=1.0, depth=-1.0, flipHoriz=False, flipVert=False, font='Open Sans', fontFiles=[], height=0.05, italic=False, languageStyle='LTR', name='text', opacity=1.0, ori=0.0, pos=array([0., 0.]), rgb=UNKNOWN, text=str(...), units='height', win=Window(...), wrapWidth=1)
21.2966 	EXP 	Created GA = GratingStim(__class__=<class 'psychopy.visual.grating.GratingStim'>, anchor='center', autoDraw=False, autoLog=True, blendmode='avg', color=array([1., 1., 1.]), colorSpace='rgb', contrast=1.0, depth=-1.0, interpolate=True, mask=None, maskParams=None, name='GA', opacity=1.0, ori=0.0, phase=array([0., 0.]), pos=array([0., 0.]), rgbPedestal=array([0., 0., 0.]), sf=array([0.8, 0.8]), size=array([32., 64.]), tex='sqr', texRes=512.0, units='deg', win=Window(...))
21.3050 	EXP 	Created aperture = Aperture(__class__=<class 'psychopy.visual.aperture.Aperture'>, anchor=('center', 'center'), autoLog=True, depth=0, inverted=False, nVert=UNKNOWN, name='aperture', ori=0.0, pos=array([0., 0.]), shape=UNKNOWN, size=array([128.]), units='deg', win=Window(...))
21.3151 	EXP 	Created placeholder = TextStim(__class__=<class 'psychopy.visual.text.TextStim'>, alignHoriz=method-wrapper(...), alignText='center', alignVert=method-wrapper(...), anchorHoriz='center', anchorVert='center', antialias=True, autoDraw=False, autoLog=True, bold=False, color=array([1., 1., 1.]), colorSpace='rgb', contrast=1.0, depth=0.0, flipHoriz=False, flipVert=False, font='Open Sans', fontFiles=[], height=0.05, italic=False, languageStyle='LTR', name='placeholder', opacity=1.0, ori=0.0, pos=array([0., 0.]), rgb=UNKNOWN, text=str(...), units='height', win=Window(...), wrapWidth=1)
21.3360 	EXP 	aperture: enabled = False
21.3360 	EXP 	text: autoDraw = True
26.5863 	EXP 	Created sequence: sequential, trialTypes=1, nReps=4, seed=None
26.5867 	EXP 	New trial (rep=0, index=0): None
26.5879 	EXP 	Created sequence: random, trialTypes=1, nReps=4, seed=None
26.5882 	EXP 	New trial (rep=0, index=0): None
26.6648 	DATA 	Keypress: space
26.6704 	EXP 	text: autoDraw = False
26.6704 	EXP 	aperture: enabled = True
26.6704 	EXP 	GA: autoDraw = True
26.6704 	EXP 	aperture: enabled = True
26.6704 	EXP 	GA: tex = 'sqr'
27.6734 	EXP 	GA: autoDraw = False
27.6734 	EXP 	aperture: enabled = False
27.6734 	EXP 	GA: autoDraw = False
27.6734 	EXP 	aperture: autoDraw = False
27.6734 	EXP 	aperture: enabled = False
27.6734 	EXP 	placeholder: autoDraw = True
29.4613 	EXP 	New trial (rep=1, index=0): None
29.4742 	DATA 	Keypress: left
29.4797 	EXP 	placeholder: autoDraw = False
29.4797 	EXP 	aperture: enabled = True
29.4797 	EXP 	GA: autoDraw = True
29.4797 	EXP 	aperture: enabled = True
29.4797 	EXP 	GA: tex = 'sqr'
30.4773 	EXP 	GA: autoDraw = False
30.4773 	EXP 	aperture: enabled = False
30.4773 	EXP 	GA: autoDraw = False
30.4773 	EXP 	aperture: autoDraw = False
30.4773 	EXP 	aperture: enabled = False
30.4773 	EXP 	placeholder: autoDraw = True
30.8501 	EXP 	New trial (rep=2, index=0): None
30.8691 	DATA 	Keypress: right
30.8744 	EXP 	placeholder: autoDraw = False
30.8744 	EXP 	aperture: enabled = True
30.8744 	EXP 	GA: autoDraw = True
30.8744 	EXP 	aperture: enabled = True
30.8744 	EXP 	GA: tex = 'sqr'
31.8753 	EXP 	GA: autoDraw = False
31.8753 	EXP 	aperture: enabled = False
31.8753 	EXP 	GA: autoDraw = False
31.8753 	EXP 	aperture: autoDraw = False
31.8753 	EXP 	aperture: enabled = False
31.8753 	EXP 	placeholder: autoDraw = True
32.1139 	EXP 	New trial (rep=3, index=0): None
32.1289 	DATA 	Keypress: right
32.1350 	EXP 	placeholder: autoDraw = False
32.1350 	EXP 	aperture: enabled = True
32.1350 	EXP 	GA: autoDraw = True
32.1350 	EXP 	aperture: enabled = True
32.1350 	EXP 	GA: tex = 'sqr'
33.1376 	EXP 	GA: autoDraw = False
33.1376 	EXP 	aperture: enabled = False
33.1376 	EXP 	GA: autoDraw = False
33.1376 	EXP 	aperture: autoDraw = False
33.1376 	EXP 	aperture: enabled = False
33.1376 	EXP 	placeholder: autoDraw = True
33.3366 	EXP 	New trial (rep=1, index=0): None
33.3379 	EXP 	Created sequence: random, trialTypes=1, nReps=4, seed=None
33.3382 	EXP 	New trial (rep=0, index=0): None
33.3546 	DATA 	Keypress: right
33.3603 	EXP 	placeholder: autoDraw = False
33.3603 	EXP 	aperture: enabled = True
33.3603 	EXP 	GA: autoDraw = True
33.3603 	EXP 	aperture: enabled = True
33.3603 	EXP 	GA: tex = 'sqr'
34.3659 	EXP 	GA: autoDraw = False
34.3659 	EXP 	aperture: enabled = False
34.3659 	EXP 	GA: autoDraw = False
34.3659 	EXP 	aperture: autoDraw = False
34.3659 	EXP 	aperture: enabled = False
34.3659 	EXP 	placeholder: autoDraw = True
34.5604 	DATA 	Keypress: right
34.5659 	EXP 	New trial (rep=1, index=0): None
34.5931 	EXP 	placeholder: autoDraw = False
34.5931 	EXP 	aperture: enabled = True
34.5931 	EXP 	GA: autoDraw = True
34.5931 	EXP 	aperture: enabled = True
34.5931 	EXP 	GA: tex = 'sqr'
35.5954 	EXP 	GA: autoDraw = False
35.5954 	EXP 	aperture: enabled = False
35.5954 	EXP 	GA: autoDraw = False
35.5954 	EXP 	aperture: autoDraw = False
35.5954 	EXP 	aperture: enabled = False
35.5954 	EXP 	placeholder: autoDraw = True
35.8222 	EXP 	New trial (rep=2, index=0): None
35.8433 	DATA 	Keypress: left
35.8486 	EXP 	placeholder: autoDraw = False
35.8486 	EXP 	aperture: enabled = True
35.8486 	EXP 	GA: autoDraw = True
35.8486 	EXP 	aperture: enabled = True
35.8486 	EXP 	GA: tex = 'sqr'
36.8489 	EXP 	GA: autoDraw = False
36.8489 	EXP 	aperture: enabled = False
36.8489 	EXP 	GA: autoDraw = False
36.8489 	EXP 	aperture: autoDraw = False
36.8489 	EXP 	aperture: enabled = False
36.8489 	EXP 	placeholder: autoDraw = True
37.0646 	EXP 	New trial (rep=3, index=0): None
37.0845 	DATA 	Keypress: right
37.0893 	EXP 	placeholder: autoDraw = False
37.0893 	EXP 	aperture: enabled = True
37.0893 	EXP 	GA: autoDraw = True
37.0893 	EXP 	aperture: enabled = True
37.0893 	EXP 	GA: tex = 'sqr'
38.0881 	EXP 	GA: autoDraw = False
38.0881 	EXP 	aperture: enabled = False
38.0881 	EXP 	GA: autoDraw = False
38.0881 	EXP 	aperture: autoDraw = False
38.0881 	EXP 	aperture: enabled = False
38.0881 	EXP 	placeholder: autoDraw = True
38.2951 	EXP 	New trial (rep=2, index=0): None
38.2965 	EXP 	Created sequence: random, trialTypes=1, nReps=4, seed=None
38.2968 	EXP 	New trial (rep=0, index=0): None
38.3180 	DATA 	Keypress: right
38.3238 	EXP 	placeholder: autoDraw = False
38.3238 	EXP 	aperture: enabled = True
38.3238 	EXP 	GA: autoDraw = True
38.3238 	EXP 	aperture: enabled = True
38.3238 	EXP 	GA: tex = 'sqr'
39.3279 	EXP 	GA: autoDraw = False
39.3279 	EXP 	aperture: enabled = False
39.3279 	EXP 	GA: autoDraw = False
39.3279 	EXP 	aperture: autoDraw = False
39.3279 	EXP 	aperture: enabled = False
39.3279 	EXP 	placeholder: autoDraw = True
39.5452 	EXP 	New trial (rep=1, index=0): None
39.5668 	DATA 	Keypress: left
39.5722 	EXP 	placeholder: autoDraw = False
39.5722 	EXP 	aperture: enabled = True
39.5722 	EXP 	GA: autoDraw = True
39.5722 	EXP 	aperture: enabled = True
39.5722 	EXP 	GA: tex = 'sqr'
40.5721 	EXP 	GA: autoDraw = False
40.5721 	EXP 	aperture: enabled = False
40.5721 	EXP 	GA: autoDraw = False
40.5721 	EXP 	aperture: autoDraw = False
40.5721 	EXP 	aperture: enabled = False
40.5721 	EXP 	placeholder: autoDraw = True
40.7412 	DATA 	Keypress: left
40.7458 	EXP 	New trial (rep=2, index=0): None
40.7708 	EXP 	placeholder: autoDraw = False
40.7708 	EXP 	aperture: enabled = True
40.7708 	EXP 	GA: autoDraw = True
40.7708 	EXP 	aperture: enabled = True
40.7708 	EXP 	GA: tex = 'sqr'
41.7726 	EXP 	GA: autoDraw = False
41.7726 	EXP 	aperture: enabled = False
41.7726 	EXP 	GA: autoDraw = False
41.7726 	EXP 	aperture: autoDraw = False
41.7726 	EXP 	aperture: enabled = False
41.7726 	EXP 	placeholder: autoDraw = True
41.9693 	EXP 	New trial (rep=3, index=0): None
41.9918 	DATA 	Keypress: right
41.9971 	EXP 	placeholder: autoDraw = False
41.9971 	EXP 	aperture: enabled = True
41.9971 	EXP 	GA: autoDraw = True
41.9971 	EXP 	aperture: enabled = True
41.9971 	EXP 	GA: tex = 'sqr'
42.9995 	EXP 	GA: autoDraw = False
42.9995 	EXP 	aperture: enabled = False
42.9995 	EXP 	GA: autoDraw = False
42.9995 	EXP 	aperture: autoDraw = False
42.9995 	EXP 	aperture: enabled = False
42.9995 	EXP 	placeholder: autoDraw = True
43.1994 	DATA 	Keypress: left
43.2041 	EXP 	New trial (rep=3, index=0): None
43.2054 	EXP 	Created sequence: random, trialTypes=1, nReps=4, seed=None
43.2056 	EXP 	New trial (rep=0, index=0): None
43.2304 	EXP 	placeholder: autoDraw = False
43.2304 	EXP 	aperture: enabled = True
43.2304 	EXP 	GA: autoDraw = True
43.2304 	EXP 	aperture: enabled = True
43.2304 	EXP 	GA: tex = 'sqr'
44.2314 	EXP 	GA: autoDraw = False
44.2314 	EXP 	aperture: enabled = False
44.2314 	EXP 	GA: autoDraw = False
44.2314 	EXP 	aperture: autoDraw = False
44.2314 	EXP 	aperture: enabled = False
44.2314 	EXP 	placeholder: autoDraw = True
44.4544 	EXP 	New trial (rep=1, index=0): None
44.4735 	DATA 	Keypress: left
44.4790 	EXP 	placeholder: autoDraw = False
44.4790 	EXP 	aperture: enabled = True
44.4790 	EXP 	GA: autoDraw = True
44.4790 	EXP 	aperture: enabled = True
44.4790 	EXP 	GA: tex = 'sqr'
45.4832 	EXP 	GA: autoDraw = False
45.4832 	EXP 	aperture: enabled = False
45.4832 	EXP 	GA: autoDraw = False
45.4832 	EXP 	aperture: autoDraw = False
45.4832 	EXP 	aperture: enabled = False
45.4832 	EXP 	placeholder: autoDraw = True
45.6855 	DATA 	Keypress: right
45.6902 	EXP 	New trial (rep=2, index=0): None
45.7141 	EXP 	placeholder: autoDraw = False
45.7141 	EXP 	aperture: enabled = True
45.7141 	EXP 	GA: autoDraw = True
45.7141 	EXP 	aperture: enabled = True
45.7141 	EXP 	GA: tex = 'sqr'
46.7120 	EXP 	GA: autoDraw = False
46.7120 	EXP 	aperture: enabled = False
46.7120 	EXP 	GA: autoDraw = False
46.7120 	EXP 	aperture: autoDraw = False
46.7120 	EXP 	aperture: enabled = False
46.7120 	EXP 	placeholder: autoDraw = True
46.9191 	EXP 	New trial (rep=3, index=0): None
46.9379 	DATA 	Keypress: right
46.9431 	EXP 	placeholder: autoDraw = False
46.9431 	EXP 	aperture: enabled = True
46.9431 	EXP 	GA: autoDraw = True
46.9431 	EXP 	aperture: enabled = True
46.9431 	EXP 	GA: tex = 'sqr'
47.9426 	EXP 	GA: autoDraw = False
47.9426 	EXP 	aperture: enabled = False
47.9426 	EXP 	GA: autoDraw = False
47.9426 	EXP 	aperture: autoDraw = False
47.9426 	EXP 	aperture: enabled = False
47.9426 	EXP 	placeholder: autoDraw = True
48.1367 	DATA 	Keypress: right
48.1461 	EXP 	placeholder: autoDraw = False
49.0638 	EXP 	window1: mouseVisible = True
