8.0421 	WARNING 	User requested fullscreen with size [1536  864], but screen is actually [1920, 1080]. Using actual size
10.2736 	EXP 	Created window1 = Window(allowGUI=True, allowStencil=True, autoLog=True, backendConf=UNKNOWN, backgroundFit=<method-wrapper '__getattribute__' of attributeSetter object at 0x000002378A580460>, backgroundImage=<method-wrapper '__getattribute__' of attributeSetter object at 0x000002378A5801C0>, bitsMode=UNKNOWN, blendMode='avg', bpc=(8, 8, 8), color=array([0, 0, 0]), colorSpace='rgb', depthBits=8, fullscr=<method-wrapper '__getattribute__' of attributeSetter object at 0x000002378A580670>, gamma=None, gammaErrorPolicy='raise', lms=UNKNOWN, monitor=<psychopy.monitors.calibTools.Monitor object at 0x000002378C46BA60>, multiSample=False, name='window1', numSamples=2, pos=(0, 0), screen=0, size=array([1920, 1080]), stencilBits=8, stereo=False, units='height', useFBO=True, useRetina=False, viewOri=0.0, viewPos=None, viewScale=None, waitBlanking=True, winType='pyglet')
10.2738 	EXP 	window1: mouseVisible = True
10.2738 	EXP 	window1: backgroundImage = None
10.2739 	EXP 	window1: backgroundFit = 'cover'
10.2741 	EXP 	window1: mouseVisible = False
10.2741 	EXP 	window1: Attempting to measure frame rate of screen (0) ...
10.2741 	EXP 	window1: recordFrameIntervals = False
10.3403 	EXP 	window1: recordFrameIntervals = True
10.4170 	EXP 	Screen (0) actual frame rate measured at 142.11Hz
10.4171 	EXP 	window1: recordFrameIntervals = False
12.6338 	EXP 	Created text = TextStim(__class__=<class 'psychopy.visual.text.TextStim'>, alignHoriz=method-wrapper(...), alignText='center', alignVert=method-wrapper(...), anchorHoriz='center', anchorVert='center', antialias=True, autoDraw=False, autoLog=True, bold=False, color=array([1., 1., 1.]), colorSpace='rgb', contrast=1.0, depth=0.0, flipHoriz=False, flipVert=False, font='Open Sans', fontFiles=[], height=0.05, italic=False, languageStyle='LTR', name='text', opacity=1.0, ori=0.0, pos=array([0., 0.]), rgb=UNKNOWN, text=str(...), units='height', win=Window(...), wrapWidth=1)
12.6433 	EXP 	Created text_2 = TextStim(__class__=<class 'psychopy.visual.text.TextStim'>, alignHoriz=method-wrapper(...), alignText='center', alignVert=method-wrapper(...), anchorHoriz='center', anchorVert='center', antialias=True, autoDraw=False, autoLog=True, bold=False, color=array([1., 1., 1.]), colorSpace='rgb', contrast=1.0, depth=0.0, flipHoriz=False, flipVert=False, font='Open Sans', fontFiles=[], height=0.05, italic=False, languageStyle='LTR', name='text_2', opacity=1.0, ori=0.0, pos=array([0., 0.]), rgb=UNKNOWN, text=str(...), units='height', win=Window(...), wrapWidth=1)
12.6446 	EXP 	Created GA = GratingStim(__class__=<class 'psychopy.visual.grating.GratingStim'>, anchor='center', autoDraw=False, autoLog=True, blendmode='avg', color=array([1., 1., 1.]), colorSpace='rgb', contrast=1.0, depth=-1.0, interpolate=True, mask=None, maskParams=None, name='GA', opacity=1.0, ori=0.0, phase=array([0., 0.]), pos=array([0., 0.]), rgbPedestal=array([0., 0., 0.]), sf=array([1., 1.]), size=array([8.5]), tex='sqr', texRes=512.0, units='deg', win=Window(...))
12.6487 	EXP 	Created aperture = Aperture(__class__=<class 'psychopy.visual.aperture.Aperture'>, anchor=('center', 'center'), autoLog=True, depth=0, inverted=False, nVert=UNKNOWN, name='aperture', ori=0.0, pos=array([0., 0.]), shape=UNKNOWN, size=array([8.5]), units='deg', win=Window(...))
12.6501 	EXP 	Created GA_2 = GratingStim(__class__=<class 'psychopy.visual.grating.GratingStim'>, anchor='center', autoDraw=False, autoLog=True, blendmode='avg', color=array([1., 1., 1.]), colorSpace='rgb', contrast=1.0, depth=-1.0, interpolate=True, mask=None, maskParams=None, name='GA_2', opacity=1.0, ori=0.0, phase=array([0., 0.]), pos=array([0., 0.]), rgbPedestal=array([0., 0., 0.]), sf=array([1., 1.]), size=array([8.5]), tex='sqr', texRes=512.0, units='deg', win=Window(...))
12.6516 	EXP 	Created aperture_2 = Aperture(__class__=<class 'psychopy.visual.aperture.Aperture'>, anchor=('center', 'center'), autoLog=True, depth=0, inverted=False, nVert=UNKNOWN, name='aperture_2', ori=0.0, pos=array([0., 0.]), shape=UNKNOWN, size=array([8.5]), units='deg', win=Window(...))
12.6638 	EXP 	aperture: enabled = False
12.6638 	EXP 	aperture_2: enabled = False
12.6638 	EXP 	text: autoDraw = True
13.6413 	DATA 	Keypress: 2
13.6460 	EXP 	text: autoDraw = False
13.6460 	EXP 	text_2: autoDraw = True
14.1135 	EXP 	Created sequence: random, trialTypes=1, nReps=0, seed=None
14.1137 	EXP 	Created sequence: random, trialTypes=1, nReps=1, seed=None
14.1139 	EXP 	New trial (rep=0, index=0): None
14.1146 	EXP 	Created sequence: random, trialTypes=1, nReps=19, seed=None
14.1148 	EXP 	New trial (rep=0, index=0): None
14.1706 	DATA 	Keypress: space
14.1744 	EXP 	text_2: autoDraw = False
14.1744 	EXP 	GA_2: sf = array([0.24436623, 0.24436623])
14.1744 	EXP 	aperture_2: enabled = True
14.1744 	EXP 	GA_2: autoDraw = True
14.1744 	EXP 	aperture_2: enabled = True
14.1744 	EXP 	GA_2: tex = 'sqr'
14.7798 	DATA 	Keypress: right
15.1089 	DATA 	Keypress: left
15.1784 	EXP 	GA_2: autoDraw = False
15.1784 	EXP 	aperture_2: enabled = False
15.1784 	EXP 	GA_2: autoDraw = False
15.1784 	EXP 	aperture_2: autoDraw = False
15.1784 	EXP 	aperture_2: enabled = False
15.5504 	EXP 	New trial (rep=1, index=0): None
15.5536 	DATA 	Keypress: left
15.5563 	EXP 	GA_2: sf = array([0.29857426, 0.29857426])
15.5563 	EXP 	aperture_2: enabled = True
15.5563 	EXP 	GA_2: autoDraw = True
15.5563 	EXP 	aperture_2: enabled = True
16.5615 	EXP 	GA_2: autoDraw = False
16.5615 	EXP 	aperture_2: enabled = False
16.5615 	EXP 	GA_2: autoDraw = False
16.5615 	EXP 	aperture_2: autoDraw = False
16.5615 	EXP 	aperture_2: enabled = False
16.8314 	EXP 	New trial (rep=2, index=0): None
16.8350 	DATA 	Keypress: right
16.8396 	EXP 	GA_2: sf = array([0.36480733, 0.36480733])
16.8396 	EXP 	aperture_2: enabled = True
16.8396 	EXP 	GA_2: autoDraw = True
16.8396 	EXP 	aperture_2: enabled = True
17.8383 	EXP 	GA_2: autoDraw = False
17.8383 	EXP 	aperture_2: enabled = False
17.8383 	EXP 	GA_2: autoDraw = False
17.8383 	EXP 	aperture_2: autoDraw = False
17.8383 	EXP 	aperture_2: enabled = False
17.9976 	DATA 	Keypress: left
18.0013 	EXP 	New trial (rep=3, index=0): None
18.0072 	EXP 	GA_2: sf = array([0.44573295, 0.44573295])
18.0072 	EXP 	aperture_2: enabled = True
18.0072 	EXP 	GA_2: autoDraw = True
18.0072 	EXP 	aperture_2: enabled = True
19.0119 	EXP 	GA_2: autoDraw = False
19.0119 	EXP 	aperture_2: enabled = False
19.0119 	EXP 	GA_2: autoDraw = False
19.0119 	EXP 	aperture_2: autoDraw = False
19.0119 	EXP 	aperture_2: enabled = False
19.1480 	EXP 	New trial (rep=4, index=0): None
19.1514 	DATA 	Keypress: right
19.1540 	EXP 	GA_2: sf = array([0.54461039, 0.54461039])
19.1540 	EXP 	aperture_2: enabled = True
19.1540 	EXP 	GA_2: autoDraw = True
19.1540 	EXP 	aperture_2: enabled = True
20.1583 	EXP 	GA_2: autoDraw = False
20.1583 	EXP 	aperture_2: enabled = False
20.1583 	EXP 	GA_2: autoDraw = False
20.1583 	EXP 	aperture_2: autoDraw = False
20.1583 	EXP 	aperture_2: enabled = False
20.2018 	DATA 	Keypress: escape
21.2373 	EXP 	window1: mouseVisible = True
